PDA/build/outputs/logs/manifest-merger-debug-report.txt
-- Merging decision tree log ---
manifest
ADDED from cgms2_test\PDA\AndroidManifest.xml:2:1-104:12
INJECTED from cgms2_test\PDA\AndroidManifest.xml:2:1-104:12
INJECTED from cgms2_test\PDA\AndroidManifest.xml:2:1-104:12
MERGED from [:PDALibrary] AndroidManifest.xml:2:1-18:12
MERGED from [:SeekArc_library] AndroidManifest.xml:25:1-40:12
MERGED from [:mypicker] AndroidManifest.xml:2:1-17:12
MERGED from [com.android.support:appcompat-v7:25.0.1] AndroidManifest.xml:17:1-27:12
MERGED from [com.android.support.constraint:constraint-layout:1.0.2] AndroidManifest.xml:2:1-11:12
MERGED from [com.android.support:support-v4:25.0.1] AndroidManifest.xml:17:1-27:12
MERGED from [com.android.support:animated-vector-drawable:25.0.1] AndroidManifest.xml:17:1-24:12
MERGED from [com.android.support:support-vector-drawable:25.0.1] AndroidManifest.xml:17:1-25:12
MERGED from [com.android.support:support-fragment:25.0.1] AndroidManifest.xml:17:1-27:12
MERGED from [com.android.support:support-media-compat:25.0.1] AndroidManifest.xml:17:1-27:12
MERGED from [com.android.support:support-core-utils:25.0.1] AndroidManifest.xml:17:1-27:12
MERGED from [com.android.support:support-core-ui:25.0.1] AndroidManifest.xml:17:1-27:12
MERGED from [com.android.support:support-compat:25.0.1] AndroidManifest.xml:17:1-27:12
INJECTED from cgms2_test\PDA\AndroidManifest.xml:2:1-104:12
INJECTED from cgms2_test\PDA\AndroidManifest.xml:2:1-104:12
	package
		ADDED from cgms2_test\PDA\AndroidManifest.xml:4:5-34
	android:sharedUserId
		ADDED from cgms2_test\PDA\AndroidManifest.xml:5:5-46
	android:versionName
		ADDED from cgms2_test\PDA\AndroidManifest.xml:7:5-32
		INJECTED from cgms2_test\PDA\AndroidManifest.xml
		INJECTED from cgms2_test\PDA\AndroidManifest.xml
	xmlns:tools
		ADDED from cgms2_test\PDA\AndroidManifest.xml:3:5-51
	xmlns:android
		ADDED from cgms2_test\PDA\AndroidManifest.xml:2:11-69
	android:versionCode
		ADDED from cgms2_test\PDA\AndroidManifest.xml:6:5-28
		INJECTED from cgms2_test\PDA\AndroidManifest.xml
		INJECTED from cgms2_test\PDA\AndroidManifest.xml
uses-sdk
ADDED from cgms2_test\PDA\AndroidManifest.xml:9:5-11:41
MERGED from [:PDALibrary] AndroidManifest.xml:7:5-9:41
MERGED from [:PDALibrary] AndroidManifest.xml:7:5-9:41
MERGED from [:SeekArc_library] AndroidManifest.xml:30:5-32:41
MERGED from [:SeekArc_library] AndroidManifest.xml:30:5-32:41
MERGED from [:mypicker] AndroidManifest.xml:7:5-9:41
MERGED from [:mypicker] AndroidManifest.xml:7:5-9:41
MERGED from [com.android.support:appcompat-v7:25.0.1] AndroidManifest.xml:21:5-23:78
MERGED from [com.android.support:appcompat-v7:25.0.1] AndroidManifest.xml:21:5-23:78
MERGED from [com.android.support.constraint:constraint-layout:1.0.2] AndroidManifest.xml:5:5-7:41
MERGED from [com.android.support.constraint:constraint-layout:1.0.2] AndroidManifest.xml:5:5-7:41
MERGED from [com.android.support:support-v4:25.0.1] AndroidManifest.xml:21:5-23:54
MERGED from [com.android.support:support-v4:25.0.1] AndroidManifest.xml:21:5-23:54
MERGED from [com.android.support:animated-vector-drawable:25.0.1] AndroidManifest.xml:20:5-44
MERGED from [com.android.support:animated-vector-drawable:25.0.1] AndroidManifest.xml:20:5-44
MERGED from [com.android.support:support-vector-drawable:25.0.1] AndroidManifest.xml:21:5-43
MERGED from [com.android.support:support-vector-drawable:25.0.1] AndroidManifest.xml:21:5-43
MERGED from [com.android.support:support-fragment:25.0.1] AndroidManifest.xml:21:5-23:60
MERGED from [com.android.support:support-fragment:25.0.1] AndroidManifest.xml:21:5-23:60
MERGED from [com.android.support:support-media-compat:25.0.1] AndroidManifest.xml:21:5-23:63
MERGED from [com.android.support:support-media-compat:25.0.1] AndroidManifest.xml:21:5-23:63
MERGED from [com.android.support:support-core-utils:25.0.1] AndroidManifest.xml:21:5-23:61
MERGED from [com.android.support:support-core-utils:25.0.1] AndroidManifest.xml:21:5-23:61
MERGED from [com.android.support:support-core-ui:25.0.1] AndroidManifest.xml:21:5-23:58
MERGED from [com.android.support:support-core-ui:25.0.1] AndroidManifest.xml:21:5-23:58
MERGED from [com.android.support:support-compat:25.0.1] AndroidManifest.xml:21:5-23:58
MERGED from [com.android.support:support-compat:25.0.1] AndroidManifest.xml:21:5-23:58
	tools:overrideLibrary
		ADDED from [com.android.support:appcompat-v7:25.0.1] AndroidManifest.xml:23:9-75
	android:targetSdkVersion
		ADDED from cgms2_test\PDA\AndroidManifest.xml:11:9-38
	android:minSdkVersion
		ADDED from cgms2_test\PDA\AndroidManifest.xml:10:9-34
uses-permission#android.permission.SYSTEM_ALERT_WINDOW
ADDED from cgms2_test\PDA\AndroidManifest.xml:13:5-78
	android:name
		ADDED from cgms2_test\PDA\AndroidManifest.xml:13:22-75
uses-permission#android.permission.DISABLE_KEYGUARD
ADDED from cgms2_test\PDA\AndroidManifest.xml:14:5-75
	android:name
		ADDED from cgms2_test\PDA\AndroidManifest.xml:14:22-72
uses-permission#android.permission.WRITE_EXTERNAL_STORAGE
ADDED from cgms2_test\PDA\AndroidManifest.xml:15:5-81
	android:name
		ADDED from cgms2_test\PDA\AndroidManifest.xml:15:22-78
uses-permission#android.permission.WRITE_SETTINGS
ADDED from cgms2_test\PDA\AndroidManifest.xml:16:5-73
	android:name
		ADDED from cgms2_test\PDA\AndroidManifest.xml:16:22-70
uses-permission#android.permission.MOUNT_UNMOUNT_FILESYSTEMS
ADDED from cgms2_test\PDA\AndroidManifest.xml:17:5-84
	android:name
		ADDED from cgms2_test\PDA\AndroidManifest.xml:17:22-81
uses-permission#android.permission.SET_TIME_ZONE
ADDED from cgms2_test\PDA\AndroidManifest.xml:18:5-72
	android:name
		ADDED from cgms2_test\PDA\AndroidManifest.xml:18:22-69
uses-permission#android.permission.VIBRATE
ADDED from cgms2_test\PDA\AndroidManifest.xml:19:5-66
	android:name
		ADDED from cgms2_test\PDA\AndroidManifest.xml:19:22-63
uses-permission#android.permission.WAKE_LOCK
ADDED from cgms2_test\PDA\AndroidManifest.xml:20:5-68
	android:name
		ADDED from cgms2_test\PDA\AndroidManifest.xml:20:22-65
uses-permission#android.permission.DEVICE_POWER
ADDED from cgms2_test\PDA\AndroidManifest.xml:21:5-71
	android:name
		ADDED from cgms2_test\PDA\AndroidManifest.xml:21:22-68
uses-permission#android.permission.CHANGE_CONFIGURATION
ADDED from cgms2_test\PDA\AndroidManifest.xml:22:5-79
	android:name
		ADDED from cgms2_test\PDA\AndroidManifest.xml:22:22-76
uses-permission#android.permission.RECEIVE_SHUTDOWN
ADDED from cgms2_test\PDA\AndroidManifest.xml:23:5-75
	android:name
		ADDED from cgms2_test\PDA\AndroidManifest.xml:23:22-72
uses-permission#android.permission.BLUETOOTH_ADMIN
ADDED from cgms2_test\PDA\AndroidManifest.xml:24:5-74
	android:name
		ADDED from cgms2_test\PDA\AndroidManifest.xml:24:22-71
uses-permission#android.permission.BLUETOOTH
ADDED from cgms2_test\PDA\AndroidManifest.xml:25:5-68
	android:name
		ADDED from cgms2_test\PDA\AndroidManifest.xml:25:22-65
uses-permission#android.permission.RECEIVE_BOOT_COMPLETED
ADDED from cgms2_test\PDA\AndroidManifest.xml:26:5-81
	android:name
		ADDED from cgms2_test\PDA\AndroidManifest.xml:26:22-78
application
ADDED from cgms2_test\PDA\AndroidManifest.xml:28:5-102:19
MERGED from [:PDALibrary] AndroidManifest.xml:11:5-16:19
MERGED from [:PDALibrary] AndroidManifest.xml:11:5-16:19
MERGED from [:SeekArc_library] AndroidManifest.xml:34:5-38:19
MERGED from [:SeekArc_library] AndroidManifest.xml:34:5-38:19
MERGED from [:mypicker] AndroidManifest.xml:11:5-15:19
MERGED from [:mypicker] AndroidManifest.xml:11:5-15:19
MERGED from [com.android.support:appcompat-v7:25.0.1] AndroidManifest.xml:25:5-20
MERGED from [com.android.support:appcompat-v7:25.0.1] AndroidManifest.xml:25:5-20
MERGED from [com.android.support.constraint:constraint-layout:1.0.2] AndroidManifest.xml:9:5-20
MERGED from [com.android.support.constraint:constraint-layout:1.0.2] AndroidManifest.xml:9:5-20
MERGED from [com.android.support:support-v4:25.0.1] AndroidManifest.xml:25:5-20
MERGED from [com.android.support:support-v4:25.0.1] AndroidManifest.xml:25:5-20
MERGED from [com.android.support:animated-vector-drawable:25.0.1] AndroidManifest.xml:22:5-20
MERGED from [com.android.support:animated-vector-drawable:25.0.1] AndroidManifest.xml:22:5-20
MERGED from [com.android.support:support-vector-drawable:25.0.1] AndroidManifest.xml:23:5-20
MERGED from [com.android.support:support-vector-drawable:25.0.1] AndroidManifest.xml:23:5-20
MERGED from [com.android.support:support-fragment:25.0.1] AndroidManifest.xml:25:5-20
MERGED from [com.android.support:support-fragment:25.0.1] AndroidManifest.xml:25:5-20
MERGED from [com.android.support:support-media-compat:25.0.1] AndroidManifest.xml:25:5-20
MERGED from [com.android.support:support-media-compat:25.0.1] AndroidManifest.xml:25:5-20
MERGED from [com.android.support:support-core-utils:25.0.1] AndroidManifest.xml:25:5-20
MERGED from [com.android.support:support-core-utils:25.0.1] AndroidManifest.xml:25:5-20
MERGED from [com.android.support:support-core-ui:25.0.1] AndroidManifest.xml:25:5-20
MERGED from [com.android.support:support-core-ui:25.0.1] AndroidManifest.xml:25:5-20
MERGED from [com.android.support:support-compat:25.0.1] AndroidManifest.xml:25:5-20
MERGED from [com.android.support:support-compat:25.0.1] AndroidManifest.xml:25:5-20
	android:supportsRtl
		ADDED from [:mypicker] AndroidManifest.xml:14:9-35
	android:label
		ADDED from cgms2_test\PDA\AndroidManifest.xml:31:9-41
	tools:ignore
		ADDED from cgms2_test\PDA\AndroidManifest.xml:33:9-48
	android:allowBackup
		ADDED from [:PDALibrary] AndroidManifest.xml:12:9-35
	android:icon
		ADDED from cgms2_test\PDA\AndroidManifest.xml:30:9-45
	android:theme
		ADDED from cgms2_test\PDA\AndroidManifest.xml:32:9-41
		REJECTED from [:PDALibrary] AndroidManifest.xml:15:9-40
	tools:replace
		ADDED from cgms2_test\PDA\AndroidManifest.xml:34:9-38
	android:name
		ADDED from cgms2_test\PDA\AndroidManifest.xml:29:9-39
activity#com.microtechmd.pda.ui.activity.ActivityMain
ADDED from cgms2_test\PDA\AndroidManifest.xml:37:9-48:20
	android:screenOrientation
		ADDED from cgms2_test\PDA\AndroidManifest.xml:39:13-49
	android:name
		ADDED from cgms2_test\PDA\AndroidManifest.xml:38:13-53
activity#com.microtechmd.pda.ui.activity.ActivityTransform
ADDED from cgms2_test\PDA\AndroidManifest.xml:50:9-61:20
	android:screenOrientation
		ADDED from cgms2_test\PDA\AndroidManifest.xml:52:13-49
	android:name
		ADDED from cgms2_test\PDA\AndroidManifest.xml:51:13-58
intent-filter#android.intent.action.MAIN+android.intent.category.LAUNCHER
ADDED from cgms2_test\PDA\AndroidManifest.xml:53:13-60:29
action#android.intent.action.MAIN
ADDED from cgms2_test\PDA\AndroidManifest.xml:54:17-69
	android:name
		ADDED from cgms2_test\PDA\AndroidManifest.xml:54:25-66
category#android.intent.category.LAUNCHER
ADDED from cgms2_test\PDA\AndroidManifest.xml:59:17-77
	android:name
		ADDED from cgms2_test\PDA\AndroidManifest.xml:59:27-74
activity#com.microtechmd.pda.ui.activity.ActivityUnlock
ADDED from cgms2_test\PDA\AndroidManifest.xml:62:9-65:52
	android:screenOrientation
		ADDED from cgms2_test\PDA\AndroidManifest.xml:65:13-49
	android:launchMode
		ADDED from cgms2_test\PDA\AndroidManifest.xml:64:13-43
	android:name
		ADDED from cgms2_test\PDA\AndroidManifest.xml:63:13-55
activity#com.microtechmd.pda.ui.activity.ActivityUnlockNew
ADDED from cgms2_test\PDA\AndroidManifest.xml:66:9-70:61
	android:screenOrientation
		ADDED from cgms2_test\PDA\AndroidManifest.xml:69:13-49
	android:launchMode
		ADDED from cgms2_test\PDA\AndroidManifest.xml:68:13-43
	android:theme
		ADDED from cgms2_test\PDA\AndroidManifest.xml:70:13-58
	android:name
		ADDED from cgms2_test\PDA\AndroidManifest.xml:67:13-58
activity#com.microtechmd.pda.ui.activity.ActivityBgApply
ADDED from cgms2_test\PDA\AndroidManifest.xml:71:9-73:52
	android:screenOrientation
		ADDED from cgms2_test\PDA\AndroidManifest.xml:73:13-49
	android:name
		ADDED from cgms2_test\PDA\AndroidManifest.xml:72:13-56
activity#com.microtechmd.pda.ui.activity.ActivityBgEnter
ADDED from cgms2_test\PDA\AndroidManifest.xml:74:9-76:52
	android:screenOrientation
		ADDED from cgms2_test\PDA\AndroidManifest.xml:76:13-49
	android:name
		ADDED from cgms2_test\PDA\AndroidManifest.xml:75:13-56
activity#com.microtechmd.pda.ui.activity.ActivityBgProcessing
ADDED from cgms2_test\PDA\AndroidManifest.xml:77:9-79:52
	android:screenOrientation
		ADDED from cgms2_test\PDA\AndroidManifest.xml:79:13-49
	android:name
		ADDED from cgms2_test\PDA\AndroidManifest.xml:78:13-61
activity#com.microtechmd.pda.ui.activity.ActivityHistoryLog
ADDED from cgms2_test\PDA\AndroidManifest.xml:80:9-82:52
	android:screenOrientation
		ADDED from cgms2_test\PDA\AndroidManifest.xml:82:13-49
	android:name
		ADDED from cgms2_test\PDA\AndroidManifest.xml:81:13-59
activity#com.microtechmd.pda.ui.activity.ActivityMessageTips
ADDED from cgms2_test\PDA\AndroidManifest.xml:83:9-85:52
	android:screenOrientation
		ADDED from cgms2_test\PDA\AndroidManifest.xml:85:13-49
	android:name
		ADDED from cgms2_test\PDA\AndroidManifest.xml:84:13-60
activity#com.microtechmd.pda.ui.activity.ActivityDataTest
ADDED from cgms2_test\PDA\AndroidManifest.xml:86:9-89:63
	android:screenOrientation
		ADDED from cgms2_test\PDA\AndroidManifest.xml:88:13-49
	android:windowSoftInputMode
		ADDED from cgms2_test\PDA\AndroidManifest.xml:89:13-60
	android:name
		ADDED from cgms2_test\PDA\AndroidManifest.xml:87:13-57
activity#com.microtechmd.pda.ui.activity.ActivityFullGraph
ADDED from cgms2_test\PDA\AndroidManifest.xml:90:9-93:53
	android:screenOrientation
		ADDED from cgms2_test\PDA\AndroidManifest.xml:93:13-50
	android:launchMode
		ADDED from cgms2_test\PDA\AndroidManifest.xml:92:13-44
	android:name
		ADDED from cgms2_test\PDA\AndroidManifest.xml:91:13-58
receiver#com.microtechmd.pda.BootBroadcastReceiver
ADDED from cgms2_test\PDA\AndroidManifest.xml:95:9-101:20
	android:name
		ADDED from cgms2_test\PDA\AndroidManifest.xml:95:19-56
intent-filter#android.intent.action.BOOT_COMPLETED+android.intent.category.DEFAULT
ADDED from cgms2_test\PDA\AndroidManifest.xml:96:13-100:29
action#android.intent.action.BOOT_COMPLETED
ADDED from cgms2_test\PDA\AndroidManifest.xml:97:17-79
	android:name
		ADDED from cgms2_test\PDA\AndroidManifest.xml:97:25-76
category#android.intent.category.DEFAULT
ADDED from cgms2_test\PDA\AndroidManifest.xml:99:17-76
	android:name
		ADDED from cgms2_test\PDA\AndroidManifest.xml:99:27-73